<?xml version="1.0" encoding="UTF-8"?>
<!-- Generated by org.testng.reporters.JUnitReportReporter -->
<testsuite hostname="DESKTOP-KHFPL78" failures="0" tests="1" name="testcases.tc1" time="0.336" errors="0" timestamp="10 Mar 2025 05:45:53 GMT">
  <testcase classname="testcases.tc1" name="clickWork" time="0.336"/>
</testsuite> <!-- testcases.tc1 -->
