<?xml version="1.0" encoding="UTF-8"?>
<!-- Generated by org.testng.reporters.JUnitReportReporter -->
<testsuite hostname="DESKTOP-KHFPL78" failures="0" tests="3" name="testrunner" time="48.296" errors="0" timestamp="2025-03-10T22:34:32 PDT" skipped="0">
  <testcase classname="testrunner" name="runScenario" time="22.934"/>
  <system-out/>
  <testcase classname="testrunner" name="runScenario" time="6.749"/>
  <system-out/>
  <testcase classname="testrunner" name="runScenario" time="18.613"/>
  <system-out/>
</testsuite> <!-- testrunner -->
