<?xml version="1.0" encoding="UTF-8"?>
<!-- Generated by org.testng.reporters.JUnitReportReporter -->
<testsuite hostname="DESKTOP-KHFPL78" failures="0" tests="3" name="testrunner" time="67.266" errors="0" timestamp="2025-03-11T03:06:07 PDT" skipped="0">
  <testcase classname="testrunner" name="runScenario" time="31.437"/>
  <system-out/>
  <testcase classname="testrunner" name="runScenario" time="21.136"/>
  <system-out/>
  <testcase classname="testrunner" name="runScenario" time="14.693"/>
  <system-out/>
</testsuite> <!-- testrunner -->
